#
# There is insufficient memory for the Java Runtime Environment to continue.
# Native memory allocation (mmap) failed to map 262144 bytes for card table expansion
# Possible reasons:
#   The system is out of physical RAM or swap space
#   In 32 bit mode, the process size limit was hit
# Possible solutions:
#   Reduce memory load on the system
#   Increase physical memory or swap space
#   Check if swap backing store is full
#   Use 64 bit Java on a 64 bit OS
#   Decrease Java heap size (-Xmx/-Xms)
#   Decrease number of Java threads
#   Decrease Java thread stack sizes (-Xss)
#   Set larger code cache with -XX:ReservedCodeCacheSize=
# This output file may be truncated or incomplete.
#
#  Out of Memory Error (os_windows.cpp:3297), pid=10876, tid=3632
#
# JRE version:  (8.0_05-b13) (build )
# Java VM: Java HotSpot(TM) 64-Bit Server VM (25.5-b02 mixed mode windows-amd64 compressed oops)
# Failed to write core dump. Minidumps are not enabled by default on client versions of Windows
#

---------------  T H R E A D  ---------------

Current thread (0x0000000002e1e000):  JavaThread "Unknown thread" [_thread_in_vm, id=3632, stack(0x0000000002c60000,0x0000000002d60000)]

Stack: [0x0000000002c60000,0x0000000002d60000]
Native frames: (J=compiled Java code, j=interpreted, Vv=VM code, C=native code)
V  [jvm.dll+0x308dea]
V  [jvm.dll+0x25def1]
V  [jvm.dll+0x25eb0f]
V  [jvm.dll+0x2564e5]
V  [jvm.dll+0x279a79]
V  [jvm.dll+0x1fc7b7]
V  [jvm.dll+0xc2794]
V  [jvm.dll+0x3c0e5a]
V  [jvm.dll+0x3cae96]
V  [jvm.dll+0x3cadd8]
V  [jvm.dll+0x3bf0f1]
V  [jvm.dll+0x3c364d]
V  [jvm.dll+0xe06bf]
V  [jvm.dll+0xe1026]
V  [jvm.dll+0x1f13a7]
V  [jvm.dll+0x2227c4]
V  [jvm.dll+0x149f71]
C  [java.exe+0x207a]
C  [java.exe+0xc99b]
C  [java.exe+0xca2f]
C  [KERNEL32.DLL+0x12d92]
C  [ntdll.dll+0x9f64]


---------------  P R O C E S S  ---------------

Java Threads: ( => current thread )

Other Threads:

=>0x0000000002e1e000 (exited) JavaThread "Unknown thread" [_thread_in_vm, id=3632, stack(0x0000000002c60000,0x0000000002d60000)]

VM state:not at safepoint (not fully initialized)

VM Mutex/Monitor currently owned by a thread: None

GC Heap History (0 events):
No events

Deoptimization events (0 events):
No events

Internal exceptions (0 events):
No events

Events (0 events):
No events


Dynamic libraries:
0x00007ff744260000 - 0x00007ff744294000 	C:\Program Files\Java\jdk1.8.0_05\bin\java.exe
0x00007ffb63550000 - 0x00007ffb63711000 	C:\Windows\SYSTEM32\ntdll.dll
0x00007ffb611b0000 - 0x00007ffb6125d000 	C:\Windows\system32\KERNEL32.DLL
0x00007ffb60020000 - 0x00007ffb601fd000 	C:\Windows\system32\KERNELBASE.dll
0x00007ffb63150000 - 0x00007ffb631f6000 	C:\Windows\system32\ADVAPI32.dll
0x00007ffb61110000 - 0x00007ffb611ad000 	C:\Windows\system32\msvcrt.dll
0x00007ffb61260000 - 0x00007ffb612bb000 	C:\Windows\system32\sechost.dll
0x00007ffb61410000 - 0x00007ffb61536000 	C:\Windows\system32\RPCRT4.dll
0x00007ffb61560000 - 0x00007ffb616ae000 	C:\Windows\system32\USER32.dll
0x00007ffb60c20000 - 0x00007ffb60da6000 	C:\Windows\system32\GDI32.dll
0x00007ffb54080000 - 0x00007ffb542f4000 	C:\Windows\WinSxS\amd64_microsoft.windows.common-controls_6595b64144ccf1df_6.0.10240.16384_none_f41f7b285750ef43\COMCTL32.dll
0x00007ffb61a20000 - 0x00007ffb61a56000 	C:\Windows\system32\IMM32.DLL
0x00007ffb62ff0000 - 0x00007ffb6314c000 	C:\Windows\system32\MSCTF.dll
0x00000000573f0000 - 0x00000000574c2000 	C:\Program Files\Java\jdk1.8.0_05\jre\bin\msvcr100.dll
0x0000000056bc0000 - 0x00000000573ea000 	C:\Program Files\Java\jdk1.8.0_05\jre\bin\server\jvm.dll
0x00007ffb61540000 - 0x00007ffb61548000 	C:\Windows\system32\PSAPI.DLL
0x00007ffb5e550000 - 0x00007ffb5e573000 	C:\Windows\SYSTEM32\WINMM.dll
0x00007ffb57650000 - 0x00007ffb57659000 	C:\Windows\SYSTEM32\WSOCK32.dll
0x00007ffb634e0000 - 0x00007ffb63549000 	C:\Windows\system32\WS2_32.dll
0x00007ffb618e0000 - 0x00007ffb618e8000 	C:\Windows\system32\NSI.dll
0x0000000001450000 - 0x000000000147c000 	C:\Windows\SYSTEM32\WINMMBASE.dll
0x00007ffb60890000 - 0x00007ffb608d4000 	C:\Windows\system32\cfgmgr32.dll
0x00007ffb5e8f0000 - 0x00007ffb5e917000 	C:\Windows\SYSTEM32\DEVOBJ.dll
0x0000000057720000 - 0x000000005772f000 	C:\Program Files\Java\jdk1.8.0_05\jre\bin\verify.dll
0x0000000056b90000 - 0x0000000056bb8000 	C:\Program Files\Java\jdk1.8.0_05\jre\bin\java.dll
0x0000000056b70000 - 0x0000000056b86000 	C:\Program Files\Java\jdk1.8.0_05\jre\bin\zip.dll
0x00007ffb56ac0000 - 0x00007ffb56c4a000 	C:\Windows\SYSTEM32\dbghelp.dll

VM Arguments:
jvm_args: -Xmx1024M -Dfile.encoding=windows-1252 -Duser.country=US -Duser.language=en -Duser.variant 
java_command: com.android.dx.command.Main --dex --output E:\Waseem\Android\AndroidStudioProjects\ICall\app\build\intermediates\dex\debug E:\Waseem\Android\AndroidStudioProjects\ICall\app\build\intermediates\classes\debug E:\Waseem\Android\AndroidStudioProjects\ICall\app\build\intermediates\pre-dexed\debug\smack-android-4.1.3-610d1ae5eab775b78107043e3c2c4e3ceb585ed7.jar E:\Waseem\Android\AndroidStudioProjects\ICall\app\build\intermediates\pre-dexed\debug\support-annotations-23.0.1-95cc9b24882a1803ce4b310392fb0b64b98c9b68.jar E:\Waseem\Android\AndroidStudioProjects\ICall\app\build\intermediates\pre-dexed\debug\smack-resolver-minidns-4.1.3-9bbf3c924842b3977df163187666c065ccd6bf0b.jar E:\Waseem\Android\AndroidStudioProjects\ICall\app\build\intermediates\pre-dexed\debug\jxmpp-util-cache-0.4.2-beta1-117edfc5c975e4b9488762f0414e645f4c506954.jar E:\Waseem\Android\AndroidStudioProjects\ICall\app\build\intermediates\pre-dexed\debug\smack-sasl-provided-4.1.3-b5ef0e9ab5f9b0998b3096de8a77906bd196f0ab.jar E:\Waseem\Android\AndroidStudioProjects\ICall\app\build\intermediates\pre-dexed\debug\jxmpp-core-0.4.2-beta1-c90a76c3a869f6613defac2d5581b93e1b756ac4.jar E:\Waseem\Android\AndroidStudioProjects\ICall\app\build\intermediates\pre-dexed\debug\smack-bosh-4.1.3-98faccaca6f074015de1fd4ce467058cf6ea5f56.jar E:\Waseem\Android\AndroidStudioProjects\ICall\app\build\intermediates\pre-dexed\debug\jackson-annotations-2.6.0-5832c88a51b00f749de37f5a58274373a13aaf39.jar E:\Waseem\Android\AndroidStudioProjects\ICall\app\build\intermediates\pre-dexed\debug\minidns-0.1.7-f7e6be02e7964a95af8ddd3e6fdeebb670187a63.jar E:\Waseem\Android\AndroidStudioProjects\ICall\app\build\intermediates\pre-dexed\debug\smack-im-4.1.3-9d300b1f1fa1ce4db89bb35c5781fd288bf72bb7.jar E:\Waseem\Android\AndroidStudioProjects\ICall\app\build\intermediates\pre-dexed\debug\smack-tcp-4.1.3-47e281c8bdbefe46f1b64601f0ea55c67969d743.jar E:\Waseem\Android\AndroidStudioProjects\ICall\app\build\intermediates\pre-dexed\debug\jbosh-0.
java_class_path (initial): E:\Waseem\Android\sdk\build-tools\19.1.0\lib\dx.jar
Launcher Type: SUN_STANDARD

Environment Variables:
JAVA_HOME=C:\Program Files\Java\jdk1.7.0_79\jre
PATH=C:\Windows\system32;C:\Windows;C:\Windows\System32\Wbem;C:\Windows\System32\WindowsPowerShell\v1.0\;C:\Program Files\Java\jre7\bin\;PHP_HOME;C:\ProgramData\ComposerSetup\bin;C:\Program Files (x86)\Skype\Phone\
USERNAME=Waseem
OS=Windows_NT
PROCESSOR_IDENTIFIER=Intel64 Family 6 Model 42 Stepping 7, GenuineIntel



---------------  S Y S T E M  ---------------

OS: Windows 8.1 , 64 bit Build 9600 

CPU:total 4 (2 cores per cpu, 2 threads per core) family 6 model 42 stepping 7, cmov, cx8, fxsr, mmx, sse, sse2, sse3, ssse3, sse4.1, sse4.2, popcnt, avx, aes, clmul, ht, tsc, tscinvbit

Memory: 4k page, physical 8269036k(1203784k free), swap 21005032k(4140k free)

vm_info: Java HotSpot(TM) 64-Bit Server VM (25.5-b02) for windows-amd64 JRE (1.8.0_05-b13), built on Mar 18 2014 01:08:39 by "java_re" with MS VC++ 10.0 (VS2010)

time: Thu Dec 03 10:01:29 2015
elapsed time: 0 seconds

